<?xml version="1.0" encoding="UTF-8"?>
<testng-results skipped="0" failed="0" total="1" passed="1">
  <reporter-output>
  </reporter-output>
  <suite name="Default suite" duration-ms="55556" started-at="2019-06-25T18:59:54Z" finished-at="2019-06-25T19:00:50Z">
    <groups>
    </groups>
    <test name="Default test" duration-ms="55556" started-at="2019-06-25T18:59:54Z" finished-at="2019-06-25T19:00:50Z">
      <class name="com.training.sanity.tests.RETC_038">
        <test-method status="PASS" signature="setUpBeforeClass()[pri:0, instance:com.training.sanity.tests.RETC_038@224edc67]" name="setUpBeforeClass" is-config="true" duration-ms="18" started-at="2019-06-26T00:29:54Z" finished-at="2019-06-26T00:29:54Z">
          <reporter-output>
          </reporter-output>
        </test-method> <!-- setUpBeforeClass -->
        <test-method status="PASS" signature="setUp()[pri:0, instance:com.training.sanity.tests.RETC_038@224edc67]" name="setUp" is-config="true" duration-ms="26382" started-at="2019-06-26T00:29:54Z" finished-at="2019-06-26T00:30:20Z">
          <reporter-output>
          </reporter-output>
        </test-method> <!-- setUp -->
        <test-method status="PASS" signature="validLoginTest()[pri:0, instance:com.training.sanity.tests.RETC_038@224edc67]" name="validLoginTest" duration-ms="28127" started-at="2019-06-26T00:30:20Z" finished-at="2019-06-26T00:30:49Z">
          <reporter-output>
          </reporter-output>
        </test-method> <!-- validLoginTest -->
        <test-method status="PASS" signature="tearDown()[pri:0, instance:com.training.sanity.tests.RETC_038@224edc67]" name="tearDown" is-config="true" duration-ms="1000" started-at="2019-06-26T00:30:49Z" finished-at="2019-06-26T00:30:50Z">
          <reporter-output>
          </reporter-output>
        </test-method> <!-- tearDown -->
      </class> <!-- com.training.sanity.tests.RETC_038 -->
    </test> <!-- Default test -->
  </suite> <!-- Default suite -->
</testng-results>
